<?xml version="1.0" encoding="UTF-8"?>
<testsuite name="ru.netology.rest.PostmanTest" tests="1" skipped="0" failures="0" errors="0" timestamp="2022-07-30T07:06:42" hostname="DESKTOP-C6QOU7E" time="4.66">
  <properties/>
  <testcase name="should1()" classname="ru.netology.rest.PostmanTest" time="4.66"/>
  <system-out><![CDATA[]]></system-out>
  <system-err><![CDATA[]]></system-err>
</testsuite>
